# JRE version: OpenJDK Runtime Environment Temurin-21.0.7+6 (21.0.7+6) (build 21.0.7+6-LTS)
# Java VM: OpenJDK 64-Bit Server VM Temurin-21.0.7+6 (21.0.7+6-LTS, mixed mode, sharing, tiered, compressed oops, compressed class ptrs, parallel gc, windows-amd64)
GC Precious Log:
 CardTable entry size: 512
 CPUs: 16 total, 16 available
 Memory: 14197M
 Large Page Support: Disabled
 NUMA Support: Disabled
 Compressed Oops: Enabled (32-bit)
 Alignments: Space 512K, Generation 512K, Heap 2M
 Heap Min Capacity: 100M
 Heap Initial Capacity: 100M
 Heap Max Capacity: 2G
 Pre-touch: Disabled
 Parallel Workers: 13
Heap:
 PSYoungGen      total 14848K, used 2492K [0x00000000d5580000, 0x00000000d7200000, 0x0000000100000000)
  eden space 13824K, 10% used [0x00000000d5580000,0x00000000d56f0118,0x00000000d6300000)
  from space 1024K, 99% used [0x00000000d6680000,0x00000000d677f298,0x00000000d6780000)
  to   space 7680K, 0% used [0x00000000d6a80000,0x00000000d6a80000,0x00000000d7200000)
 ParOldGen       total 933888K, used 933599K [0x0000000080000000, 0x00000000b9000000, 0x00000000d5580000)
  object space 933888K, 99% used [0x0000000080000000,0x00000000b8fb7c88,0x00000000b9000000)
 Metaspace       used 77919K, committed 79616K, reserved 1179648K
  class space    used 8021K, committed 8768K, reserved 1048576K
GC Heap History (20 events):
Event: 384.328 GC heap after
{Heap after GC invocations=1482 (full 3):
 PSYoungGen      total 5632K, used 2432K [0x00000000d5580000, 0x00000000d5e80000, 0x0000000100000000)
  eden space 3072K, 0% used [0x00000000d5580000,0x00000000d5580000,0x00000000d5880000)
  from space 2560K, 95% used [0x00000000d5880000,0x00000000d5ae0000,0x00000000d5b00000)
  to   space 2560K, 0% used [0x00000000d5c00000,0x00000000d5c00000,0x00000000d5e80000)
 ParOldGen       total 901632K, used 901232K [0x0000000080000000, 0x00000000b7080000, 0x00000000d5580000)
  object space 901632K, 99% used [0x0000000080000000,0x00000000b701c150,0x00000000b7080000)
 Metaspace       used 76316K, committed 78080K, reserved 1179648K
  class space    used 7853K, committed 8640K, reserved 1048576K
}
Event: 384.334 GC heap before
{Heap before GC invocations=1483 (full 3):
 PSYoungGen      total 5632K, used 5504K [0x00000000d5580000, 0x00000000d5e80000, 0x0000000100000000)
  eden space 3072K, 100% used [0x00000000d5580000,0x00000000d5880000,0x00000000d5880000)
  from space 2560K, 95% used [0x00000000d5880000,0x00000000d5ae0000,0x00000000d5b00000)
  to   space 2560K, 0% used [0x00000000d5c00000,0x00000000d5c00000,0x00000000d5e80000)
 ParOldGen       total 901632K, used 901232K [0x0000000080000000, 0x00000000b7080000, 0x00000000d5580000)
  object space 901632K, 99% used [0x0000000080000000,0x00000000b701c150,0x00000000b7080000)
 Metaspace       used 76391K, committed 78144K, reserved 1179648K
  class space    used 7855K, committed 8640K, reserved 1048576K
}
Event: 384.445 GC heap after
{Heap after GC invocations=1483 (full 3):
 PSYoungGen      total 6656K, used 2304K [0x00000000d5580000, 0x00000000d5e80000, 0x0000000100000000)
  eden space 4096K, 0% used [0x00000000d5580000,0x00000000d5580000,0x00000000d5980000)
  from space 2560K, 90% used [0x00000000d5c00000,0x00000000d5e40000,0x00000000d5e80000)
  to   space 2560K, 0% used [0x00000000d5980000,0x00000000d5980000,0x00000000d5c00000)
 ParOldGen       total 903680K, used 903528K [0x0000000080000000, 0x00000000b7280000, 0x00000000d5580000)
  object space 903680K, 99% used [0x0000000080000000,0x00000000b725a150,0x00000000b7280000)
 Metaspace       used 76391K, committed 78144K, reserved 1179648K
  class space    used 7855K, committed 8640K, reserved 1048576K
}
Event: 384.453 GC heap before
{Heap before GC invocations=1484 (full 3):
 PSYoungGen      total 6656K, used 6400K [0x00000000d5580000, 0x00000000d5e80000, 0x0000000100000000)
  eden space 4096K, 100% used [0x00000000d5580000,0x00000000d5980000,0x00000000d5980000)
  from space 2560K, 90% used [0x00000000d5c00000,0x00000000d5e40000,0x00000000d5e80000)
  to   space 2560K, 0% used [0x00000000d5980000,0x00000000d5980000,0x00000000d5c00000)
 ParOldGen       total 903680K, used 903528K [0x0000000080000000, 0x00000000b7280000, 0x00000000d5580000)
  object space 903680K, 99% used [0x0000000080000000,0x00000000b725a150,0x00000000b7280000)
 Metaspace       used 76439K, committed 78144K, reserved 1179648K
  class space    used 7860K, committed 8640K, reserved 1048576K
}
Event: 384.456 GC heap after
{Heap after GC invocations=1484 (full 3):
 PSYoungGen      total 6656K, used 2560K [0x00000000d5580000, 0x00000000d6580000, 0x0000000100000000)
  eden space 4096K, 0% used [0x00000000d5580000,0x00000000d5580000,0x00000000d5980000)
  from space 2560K, 100% used [0x00000000d5980000,0x00000000d5c00000,0x00000000d5c00000)
  to   space 5632K, 0% used [0x00000000d6000000,0x00000000d6000000,0x00000000d6580000)
 ParOldGen       total 906240K, used 906048K [0x0000000080000000, 0x00000000b7500000, 0x00000000d5580000)
  object space 906240K, 99% used [0x0000000080000000,0x00000000b74d0150,0x00000000b7500000)
 Metaspace       used 76439K, committed 78144K, reserved 1179648K
  class space    used 7860K, committed 8640K, reserved 1048576K
}
Event: 384.460 GC heap before
{Heap before GC invocations=1485 (full 3):
 PSYoungGen      total 6656K, used 6656K [0x00000000d5580000, 0x00000000d6580000, 0x0000000100000000)
  eden space 4096K, 100% used [0x00000000d5580000,0x00000000d5980000,0x00000000d5980000)
  from space 2560K, 100% used [0x00000000d5980000,0x00000000d5c00000,0x00000000d5c00000)
  to   space 5632K, 0% used [0x00000000d6000000,0x00000000d6000000,0x00000000d6580000)
 ParOldGen       total 906240K, used 906048K [0x0000000080000000, 0x00000000b7500000, 0x00000000d5580000)
  object space 906240K, 99% used [0x0000000080000000,0x00000000b74d0150,0x00000000b7500000)
 Metaspace       used 76451K, committed 78208K, reserved 1179648K
  class space    used 7862K, committed 8640K, reserved 1048576K
}
Event: 384.463 GC heap after
{Heap after GC invocations=1485 (full 3):
 PSYoungGen      total 7680K, used 2292K [0x00000000d5580000, 0x00000000d6280000, 0x0000000100000000)
  eden space 5120K, 0% used [0x00000000d5580000,0x00000000d5580000,0x00000000d5a80000)
  from space 2560K, 89% used [0x00000000d6000000,0x00000000d623d200,0x00000000d6280000)
  to   space 3584K, 0% used [0x00000000d5b80000,0x00000000d5b80000,0x00000000d5f00000)
 ParOldGen       total 908800K, used 908592K [0x0000000080000000, 0x00000000b7780000, 0x00000000d5580000)
  object space 908800K, 99% used [0x0000000080000000,0x00000000b774c150,0x00000000b7780000)
 Metaspace       used 76451K, committed 78208K, reserved 1179648K
  class space    used 7862K, committed 8640K, reserved 1048576K
}
Event: 384.472 GC heap before
{Heap before GC invocations=1486 (full 3):
 PSYoungGen      total 7680K, used 7412K [0x00000000d5580000, 0x00000000d6280000, 0x0000000100000000)
  eden space 5120K, 100% used [0x00000000d5580000,0x00000000d5a80000,0x00000000d5a80000)
  from space 2560K, 89% used [0x00000000d6000000,0x00000000d623d200,0x00000000d6280000)
  to   space 3584K, 0% used [0x00000000d5b80000,0x00000000d5b80000,0x00000000d5f00000)
 ParOldGen       total 908800K, used 908592K [0x0000000080000000, 0x00000000b7780000, 0x00000000d5580000)
  object space 908800K, 99% used [0x0000000080000000,0x00000000b774c150,0x00000000b7780000)
 Metaspace       used 76451K, committed 78208K, reserved 1179648K
  class space    used 7862K, committed 8640K, reserved 1048576K
}
Event: 384.475 GC heap after
{Heap after GC invocations=1486 (full 3):
 PSYoungGen      total 9728K, used 3584K [0x00000000d5580000, 0x00000000d6980000, 0x0000000100000000)
  eden space 6144K, 0% used [0x00000000d5580000,0x00000000d5580000,0x00000000d5b80000)
  from space 3584K, 100% used [0x00000000d5b80000,0x00000000d5f00000,0x00000000d5f00000)
  to   space 7168K, 0% used [0x00000000d6280000,0x00000000d6280000,0x00000000d6980000)
 ParOldGen       total 911360K, used 911036K [0x0000000080000000, 0x00000000b7a00000, 0x00000000d5580000)
  object space 911360K, 99% used [0x0000000080000000,0x00000000b79af350,0x00000000b7a00000)
 Metaspace       used 76451K, committed 78208K, reserved 1179648K
  class space    used 7862K, committed 8640K, reserved 1048576K
}
Event: 384.486 GC heap before
{Heap before GC invocations=1487 (full 3):
 PSYoungGen      total 9728K, used 9728K [0x00000000d5580000, 0x00000000d6980000, 0x0000000100000000)
  eden space 6144K, 100% used [0x00000000d5580000,0x00000000d5b80000,0x00000000d5b80000)
  from space 3584K, 100% used [0x00000000d5b80000,0x00000000d5f00000,0x00000000d5f00000)
  to   space 7168K, 0% used [0x00000000d6280000,0x00000000d6280000,0x00000000d6980000)
 ParOldGen       total 911360K, used 911036K [0x0000000080000000, 0x00000000b7a00000, 0x00000000d5580000)
  object space 911360K, 99% used [0x0000000080000000,0x00000000b79af350,0x00000000b7a00000)
 Metaspace       used 76451K, committed 78208K, reserved 1179648K
  class space    used 7862K, committed 8640K, reserved 1048576K
}
Event: 384.491 GC heap after
{Heap after GC invocations=1487 (full 3):
 PSYoungGen      total 13312K, used 4864K [0x00000000d5580000, 0x00000000d6800000, 0x0000000100000000)
  eden space 7680K, 0% used [0x00000000d5580000,0x00000000d5580000,0x00000000d5d00000)
  from space 5632K, 86% used [0x00000000d6280000,0x00000000d6740000,0x00000000d6800000)
  to   space 5632K, 0% used [0x00000000d5d00000,0x00000000d5d00000,0x00000000d6280000)
 ParOldGen       total 914944K, used 914676K [0x0000000080000000, 0x00000000b7d80000, 0x00000000d5580000)
  object space 914944K, 99% used [0x0000000080000000,0x00000000b7d3d360,0x00000000b7d80000)
 Metaspace       used 76451K, committed 78208K, reserved 1179648K
  class space    used 7862K, committed 8640K, reserved 1048576K
}
Event: 384.505 GC heap before
{Heap before GC invocations=1488 (full 3):
 PSYoungGen      total 13312K, used 12544K [0x00000000d5580000, 0x00000000d6800000, 0x0000000100000000)
  eden space 7680K, 100% used [0x00000000d5580000,0x00000000d5d00000,0x00000000d5d00000)
  from space 5632K, 86% used [0x00000000d6280000,0x00000000d6740000,0x00000000d6800000)
  to   space 5632K, 0% used [0x00000000d5d00000,0x00000000d5d00000,0x00000000d6280000)
 ParOldGen       total 914944K, used 914676K [0x0000000080000000, 0x00000000b7d80000, 0x00000000d5580000)
  object space 914944K, 99% used [0x0000000080000000,0x00000000b7d3d360,0x00000000b7d80000)
 Metaspace       used 76451K, committed 78208K, reserved 1179648K
  class space    used 7862K, committed 8640K, reserved 1048576K
}
Event: 385.515 GC heap after
{Heap after GC invocations=1488 (full 3):
 PSYoungGen      total 13312K, used 5632K [0x00000000d5580000, 0x00000000d7580000, 0x0000000100000000)
  eden space 7680K, 0% used [0x00000000d5580000,0x00000000d5580000,0x00000000d5d00000)
  from space 5632K, 100% used [0x00000000d5d00000,0x00000000d6280000,0x00000000d6280000)
  to   space 11776K, 0% used [0x00000000d6a00000,0x00000000d6a00000,0x00000000d7580000)
 ParOldGen       total 919552K, used 919532K [0x0000000080000000, 0x00000000b8200000, 0x00000000d5580000)
  object space 919552K, 99% used [0x0000000080000000,0x00000000b81fb360,0x00000000b8200000)
 Metaspace       used 76451K, committed 78208K, reserved 1179648K
  class space    used 7862K, committed 8640K, reserved 1048576K
}
Event: 385.537 GC heap before
{Heap before GC invocations=1489 (full 3):
 PSYoungGen      total 13312K, used 13312K [0x00000000d5580000, 0x00000000d7580000, 0x0000000100000000)
  eden space 7680K, 100% used [0x00000000d5580000,0x00000000d5d00000,0x00000000d5d00000)
  from space 5632K, 100% used [0x00000000d5d00000,0x00000000d6280000,0x00000000d6280000)
  to   space 11776K, 0% used [0x00000000d6a00000,0x00000000d6a00000,0x00000000d7580000)
 ParOldGen       total 919552K, used 919532K [0x0000000080000000, 0x00000000b8200000, 0x00000000d5580000)
  object space 919552K, 99% used [0x0000000080000000,0x00000000b81fb360,0x00000000b8200000)
 Metaspace       used 76482K, committed 78208K, reserved 1179648K
  class space    used 7863K, committed 8640K, reserved 1048576K
}
Event: 385.542 GC heap after
{Heap after GC invocations=1489 (full 3):
 PSYoungGen      total 12288K, used 2720K [0x00000000d5580000, 0x00000000d6d00000, 0x0000000100000000)
  eden space 9216K, 0% used [0x00000000d5580000,0x00000000d5580000,0x00000000d5e80000)
  from space 3072K, 88% used [0x00000000d6a00000,0x00000000d6ca8000,0x00000000d6d00000)
  to   space 5632K, 0% used [0x00000000d6200000,0x00000000d6200000,0x00000000d6780000)
 ParOldGen       total 925696K, used 925236K [0x0000000080000000, 0x00000000b8800000, 0x00000000d5580000)
  object space 925696K, 99% used [0x0000000080000000,0x00000000b878d360,0x00000000b8800000)
 Metaspace       used 76482K, committed 78208K, reserved 1179648K
  class space    used 7863K, committed 8640K, reserved 1048576K
}
Event: 385.669 GC heap before
{Heap before GC invocations=1490 (full 3):
 PSYoungGen      total 12288K, used 11936K [0x00000000d5580000, 0x00000000d6d00000, 0x0000000100000000)
  eden space 9216K, 100% used [0x00000000d5580000,0x00000000d5e80000,0x00000000d5e80000)
  from space 3072K, 88% used [0x00000000d6a00000,0x00000000d6ca8000,0x00000000d6d00000)
  to   space 5632K, 0% used [0x00000000d6200000,0x00000000d6200000,0x00000000d6780000)
 ParOldGen       total 925696K, used 925236K [0x0000000080000000, 0x00000000b8800000, 0x00000000d5580000)
  object space 925696K, 99% used [0x0000000080000000,0x00000000b878d360,0x00000000b8800000)
 Metaspace       used 77195K, committed 78912K, reserved 1179648K
  class space    used 7944K, committed 8704K, reserved 1048576K
}
Event: 385.674 GC heap after
{Heap after GC invocations=1490 (full 3):
 PSYoungGen      total 16896K, used 1658K [0x00000000d5580000, 0x00000000d6a80000, 0x0000000100000000)
  eden space 11264K, 0% used [0x00000000d5580000,0x00000000d5580000,0x00000000d6080000)
  from space 5632K, 29% used [0x00000000d6200000,0x00000000d639e968,0x00000000d6780000)
  to   space 2560K, 0% used [0x00000000d6800000,0x00000000d6800000,0x00000000d6a80000)
 ParOldGen       total 928256K, used 927772K [0x0000000080000000, 0x00000000b8a80000, 0x00000000d5580000)
  object space 928256K, 99% used [0x0000000080000000,0x00000000b8a07360,0x00000000b8a80000)
 Metaspace       used 77195K, committed 78912K, reserved 1179648K
  class space    used 7944K, committed 8704K, reserved 1048576K
}
Event: 386.017 GC heap before
{Heap before GC invocations=1491 (full 3):
 PSYoungGen      total 16896K, used 12876K [0x00000000d5580000, 0x00000000d6a80000, 0x0000000100000000)
  eden space 11264K, 99% used [0x00000000d5580000,0x00000000d6074768,0x00000000d6080000)
  from space 5632K, 29% used [0x00000000d6200000,0x00000000d639e968,0x00000000d6780000)
  to   space 2560K, 0% used [0x00000000d6800000,0x00000000d6800000,0x00000000d6a80000)
 ParOldGen       total 928256K, used 927772K [0x0000000080000000, 0x00000000b8a80000, 0x00000000d5580000)
  object space 928256K, 99% used [0x0000000080000000,0x00000000b8a07360,0x00000000b8a80000)
 Metaspace       used 77528K, committed 79296K, reserved 1179648K
  class space    used 7966K, committed 8768K, reserved 1048576K
}
Event: 386.020 GC heap after
{Heap after GC invocations=1491 (full 3):
 PSYoungGen      total 11776K, used 416K [0x00000000d5580000, 0x00000000d6880000, 0x0000000100000000)
  eden space 11264K, 0% used [0x00000000d5580000,0x00000000d5580000,0x00000000d6080000)
  from space 512K, 81% used [0x00000000d6800000,0x00000000d6868000,0x00000000d6880000)
  to   space 1024K, 0% used [0x00000000d6680000,0x00000000d6680000,0x00000000d6780000)
 ParOldGen       total 928256K, used 928220K [0x0000000080000000, 0x00000000b8a80000, 0x00000000d5580000)
  object space 928256K, 99% used [0x0000000080000000,0x00000000b8a77360,0x00000000b8a80000)
 Metaspace       used 77528K, committed 79296K, reserved 1179648K
  class space    used 7966K, committed 8768K, reserved 1048576K
}
Event: 386.279 GC heap before
{Heap before GC invocations=1492 (full 3):
 PSYoungGen      total 11776K, used 11638K [0x00000000d5580000, 0x00000000d6880000, 0x0000000100000000)
  eden space 11264K, 99% used [0x00000000d5580000,0x00000000d6075be0,0x00000000d6080000)
  from space 512K, 81% used [0x00000000d6800000,0x00000000d6868000,0x00000000d6880000)
  to   space 1024K, 0% used [0x00000000d6680000,0x00000000d6680000,0x00000000d6780000)
 ParOldGen       total 928256K, used 928220K [0x0000000080000000, 0x00000000b8a80000, 0x00000000d5580000)
  object space 928256K, 99% used [0x0000000080000000,0x00000000b8a77360,0x00000000b8a80000)
 Metaspace       used 77818K, committed 79552K, reserved 1179648K
  class space    used 7995K, committed 8768K, reserved 1048576K
}

