# JRE version: OpenJDK Runtime Environment Temurin-21.0.7+6 (21.0.7+6) (build 21.0.7+6-LTS)
# Java VM: OpenJDK 64-Bit Server VM Temurin-21.0.7+6 (21.0.7+6-LTS, mixed mode, sharing, tiered, compressed oops, compressed class ptrs, parallel gc, windows-amd64)
GC Precious Log:
 CardTable entry size: 512
 CPUs: 16 total, 16 available
 Memory: 14197M
 Large Page Support: Disabled
 NUMA Support: Disabled
 Compressed Oops: Enabled (32-bit)
 Alignments: Space 512K, Generation 512K, Heap 2M
 Heap Min Capacity: 100M
 Heap Initial Capacity: 100M
 Heap Max Capacity: 2G
 Pre-touch: Disabled
 Parallel Workers: 13
Heap:
 PSYoungGen      total 25088K, used 24859K [0x00000000d5580000, 0x00000000d7500000, 0x0000000100000000)
  eden space 18944K, 100% used [0x00000000d5580000,0x00000000d6800000,0x00000000d6800000)
  from space 6144K, 96% used [0x00000000d6980000,0x00000000d6f46d50,0x00000000d6f80000)
  to   space 5632K, 20% used [0x00000000d6f80000,0x00000000d709ce30,0x00000000d7500000)
 ParOldGen       total 108032K, used 108026K [0x0000000080000000, 0x0000000086980000, 0x00000000d5580000)
  object space 108032K, 99% used [0x0000000080000000,0x000000008697e980,0x0000000086980000)
 Metaspace       used 53812K, committed 55104K, reserved 1114112K
  class space    used 5719K, committed 6336K, reserved 1048576K
GC Heap History (20 events):
Event: 40.009 GC heap after
{Heap after GC invocations=34 (full 2):
 PSYoungGen      total 22016K, used 2554K [0x00000000d5580000, 0x00000000d7e00000, 0x0000000100000000)
  eden space 19456K, 0% used [0x00000000d5580000,0x00000000d5580000,0x00000000d6880000)
  from space 2560K, 99% used [0x00000000d7200000,0x00000000d747ea40,0x00000000d7480000)
  to   space 9728K, 0% used [0x00000000d6880000,0x00000000d6880000,0x00000000d7200000)
 ParOldGen       total 69120K, used 68934K [0x0000000080000000, 0x0000000084380000, 0x00000000d5580000)
  object space 69120K, 99% used [0x0000000080000000,0x00000000843518d0,0x0000000084380000)
 Metaspace       used 53783K, committed 55104K, reserved 1114112K
  class space    used 5715K, committed 6336K, reserved 1048576K
}
Event: 40.196 GC heap before
{Heap before GC invocations=35 (full 2):
 PSYoungGen      total 22016K, used 22010K [0x00000000d5580000, 0x00000000d7e00000, 0x0000000100000000)
  eden space 19456K, 100% used [0x00000000d5580000,0x00000000d6880000,0x00000000d6880000)
  from space 2560K, 99% used [0x00000000d7200000,0x00000000d747ea40,0x00000000d7480000)
  to   space 9728K, 0% used [0x00000000d6880000,0x00000000d6880000,0x00000000d7200000)
 ParOldGen       total 69120K, used 68934K [0x0000000080000000, 0x0000000084380000, 0x00000000d5580000)
  object space 69120K, 99% used [0x0000000080000000,0x00000000843518d0,0x0000000084380000)
 Metaspace       used 53790K, committed 55104K, reserved 1114112K
  class space    used 5715K, committed 6336K, reserved 1048576K
}
Event: 40.202 GC heap after
{Heap after GC invocations=35 (full 2):
 PSYoungGen      total 24576K, used 5112K [0x00000000d5580000, 0x00000000d7580000, 0x0000000100000000)
  eden space 19456K, 0% used [0x00000000d5580000,0x00000000d5580000,0x00000000d6880000)
  from space 5120K, 99% used [0x00000000d6880000,0x00000000d6d7e0f0,0x00000000d6d80000)
  to   space 6656K, 0% used [0x00000000d6f00000,0x00000000d6f00000,0x00000000d7580000)
 ParOldGen       total 71680K, used 71448K [0x0000000080000000, 0x0000000084600000, 0x00000000d5580000)
  object space 71680K, 99% used [0x0000000080000000,0x00000000845c6330,0x0000000084600000)
 Metaspace       used 53790K, committed 55104K, reserved 1114112K
  class space    used 5715K, committed 6336K, reserved 1048576K
}
Event: 40.374 GC heap before
{Heap before GC invocations=36 (full 2):
 PSYoungGen      total 24576K, used 24568K [0x00000000d5580000, 0x00000000d7580000, 0x0000000100000000)
  eden space 19456K, 100% used [0x00000000d5580000,0x00000000d6880000,0x00000000d6880000)
  from space 5120K, 99% used [0x00000000d6880000,0x00000000d6d7e0f0,0x00000000d6d80000)
  to   space 6656K, 0% used [0x00000000d6f00000,0x00000000d6f00000,0x00000000d7580000)
 ParOldGen       total 71680K, used 71448K [0x0000000080000000, 0x0000000084600000, 0x00000000d5580000)
  object space 71680K, 99% used [0x0000000080000000,0x00000000845c6330,0x0000000084600000)
 Metaspace       used 53810K, committed 55104K, reserved 1114112K
  class space    used 5719K, committed 6336K, reserved 1048576K
}
Event: 40.380 GC heap after
{Heap after GC invocations=36 (full 2):
 PSYoungGen      total 24576K, used 4752K [0x00000000d5580000, 0x00000000d7400000, 0x0000000100000000)
  eden space 19456K, 0% used [0x00000000d5580000,0x00000000d5580000,0x00000000d6880000)
  from space 5120K, 92% used [0x00000000d6f00000,0x00000000d73a4090,0x00000000d7400000)
  to   space 5120K, 0% used [0x00000000d6880000,0x00000000d6880000,0x00000000d6d80000)
 ParOldGen       total 76288K, used 76223K [0x0000000080000000, 0x0000000084a80000, 0x00000000d5580000)
  object space 76288K, 99% used [0x0000000080000000,0x0000000084a6ffe0,0x0000000084a80000)
 Metaspace       used 53810K, committed 55104K, reserved 1114112K
  class space    used 5719K, committed 6336K, reserved 1048576K
}
Event: 40.572 GC heap before
{Heap before GC invocations=37 (full 2):
 PSYoungGen      total 24576K, used 24208K [0x00000000d5580000, 0x00000000d7400000, 0x0000000100000000)
  eden space 19456K, 100% used [0x00000000d5580000,0x00000000d6880000,0x00000000d6880000)
  from space 5120K, 92% used [0x00000000d6f00000,0x00000000d73a4090,0x00000000d7400000)
  to   space 5120K, 0% used [0x00000000d6880000,0x00000000d6880000,0x00000000d6d80000)
 ParOldGen       total 76288K, used 76223K [0x0000000080000000, 0x0000000084a80000, 0x00000000d5580000)
  object space 76288K, 99% used [0x0000000080000000,0x0000000084a6ffe0,0x0000000084a80000)
 Metaspace       used 53811K, committed 55104K, reserved 1114112K
  class space    used 5719K, committed 6336K, reserved 1048576K
}
Event: 40.578 GC heap after
{Heap after GC invocations=37 (full 2):
 PSYoungGen      total 24576K, used 4676K [0x00000000d5580000, 0x00000000d7280000, 0x0000000100000000)
  eden space 19456K, 0% used [0x00000000d5580000,0x00000000d5580000,0x00000000d6880000)
  from space 5120K, 91% used [0x00000000d6880000,0x00000000d6d11218,0x00000000d6d80000)
  to   space 5120K, 0% used [0x00000000d6d80000,0x00000000d6d80000,0x00000000d7280000)
 ParOldGen       total 80896K, used 80542K [0x0000000080000000, 0x0000000084f00000, 0x00000000d5580000)
  object space 80896K, 99% used [0x0000000080000000,0x0000000084ea7a80,0x0000000084f00000)
 Metaspace       used 53811K, committed 55104K, reserved 1114112K
  class space    used 5719K, committed 6336K, reserved 1048576K
}
Event: 40.736 GC heap before
{Heap before GC invocations=38 (full 2):
 PSYoungGen      total 24576K, used 24132K [0x00000000d5580000, 0x00000000d7280000, 0x0000000100000000)
  eden space 19456K, 100% used [0x00000000d5580000,0x00000000d6880000,0x00000000d6880000)
  from space 5120K, 91% used [0x00000000d6880000,0x00000000d6d11218,0x00000000d6d80000)
  to   space 5120K, 0% used [0x00000000d6d80000,0x00000000d6d80000,0x00000000d7280000)
 ParOldGen       total 80896K, used 80542K [0x0000000080000000, 0x0000000084f00000, 0x00000000d5580000)
  object space 80896K, 99% used [0x0000000080000000,0x0000000084ea7a80,0x0000000084f00000)
 Metaspace       used 53811K, committed 55104K, reserved 1114112K
  class space    used 5719K, committed 6336K, reserved 1048576K
}
Event: 40.741 GC heap after
{Heap after GC invocations=38 (full 2):
 PSYoungGen      total 24064K, used 5106K [0x00000000d5580000, 0x00000000d7380000, 0x0000000100000000)
  eden space 18944K, 0% used [0x00000000d5580000,0x00000000d5580000,0x00000000d6800000)
  from space 5120K, 99% used [0x00000000d6d80000,0x00000000d727ca38,0x00000000d7280000)
  to   space 5632K, 0% used [0x00000000d6800000,0x00000000d6800000,0x00000000d6d80000)
 ParOldGen       total 84992K, used 84920K [0x0000000080000000, 0x0000000085300000, 0x00000000d5580000)
  object space 84992K, 99% used [0x0000000080000000,0x00000000852ee0b0,0x0000000085300000)
 Metaspace       used 53811K, committed 55104K, reserved 1114112K
  class space    used 5719K, committed 6336K, reserved 1048576K
}
Event: 40.909 GC heap before
{Heap before GC invocations=39 (full 2):
 PSYoungGen      total 24064K, used 24050K [0x00000000d5580000, 0x00000000d7380000, 0x0000000100000000)
  eden space 18944K, 100% used [0x00000000d5580000,0x00000000d6800000,0x00000000d6800000)
  from space 5120K, 99% used [0x00000000d6d80000,0x00000000d727ca38,0x00000000d7280000)
  to   space 5632K, 0% used [0x00000000d6800000,0x00000000d6800000,0x00000000d6d80000)
 ParOldGen       total 84992K, used 84920K [0x0000000080000000, 0x0000000085300000, 0x00000000d5580000)
  object space 84992K, 99% used [0x0000000080000000,0x00000000852ee0b0,0x0000000085300000)
 Metaspace       used 53811K, committed 55104K, reserved 1114112K
  class space    used 5719K, committed 6336K, reserved 1048576K
}
Event: 40.914 GC heap after
{Heap after GC invocations=39 (full 2):
 PSYoungGen      total 23552K, used 4433K [0x00000000d5580000, 0x00000000d7200000, 0x0000000100000000)
  eden space 18944K, 0% used [0x00000000d5580000,0x00000000d5580000,0x00000000d6800000)
  from space 4608K, 96% used [0x00000000d6800000,0x00000000d6c544b0,0x00000000d6c80000)
  to   space 5120K, 0% used [0x00000000d6d00000,0x00000000d6d00000,0x00000000d7200000)
 ParOldGen       total 90112K, used 89718K [0x0000000080000000, 0x0000000085800000, 0x00000000d5580000)
  object space 90112K, 99% used [0x0000000080000000,0x000000008579da40,0x0000000085800000)
 Metaspace       used 53811K, committed 55104K, reserved 1114112K
  class space    used 5719K, committed 6336K, reserved 1048576K
}
Event: 41.029 GC heap before
{Heap before GC invocations=40 (full 2):
 PSYoungGen      total 23552K, used 23377K [0x00000000d5580000, 0x00000000d7200000, 0x0000000100000000)
  eden space 18944K, 100% used [0x00000000d5580000,0x00000000d6800000,0x00000000d6800000)
  from space 4608K, 96% used [0x00000000d6800000,0x00000000d6c544b0,0x00000000d6c80000)
  to   space 5120K, 0% used [0x00000000d6d00000,0x00000000d6d00000,0x00000000d7200000)
 ParOldGen       total 90112K, used 89718K [0x0000000080000000, 0x0000000085800000, 0x00000000d5580000)
  object space 90112K, 99% used [0x0000000080000000,0x000000008579da40,0x0000000085800000)
 Metaspace       used 53811K, committed 55104K, reserved 1114112K
  class space    used 5719K, committed 6336K, reserved 1048576K
}
Event: 41.033 GC heap after
{Heap after GC invocations=40 (full 2):
 PSYoungGen      total 23552K, used 4523K [0x00000000d5580000, 0x00000000d7180000, 0x0000000100000000)
  eden space 18944K, 0% used [0x00000000d5580000,0x00000000d5580000,0x00000000d6800000)
  from space 4608K, 98% used [0x00000000d6d00000,0x00000000d716acb0,0x00000000d7180000)
  to   space 4608K, 0% used [0x00000000d6800000,0x00000000d6800000,0x00000000d6c80000)
 ParOldGen       total 94208K, used 93809K [0x0000000080000000, 0x0000000085c00000, 0x00000000d5580000)
  object space 94208K, 99% used [0x0000000080000000,0x0000000085b9c5e8,0x0000000085c00000)
 Metaspace       used 53811K, committed 55104K, reserved 1114112K
  class space    used 5719K, committed 6336K, reserved 1048576K
}
Event: 41.154 GC heap before
{Heap before GC invocations=41 (full 2):
 PSYoungGen      total 23552K, used 23467K [0x00000000d5580000, 0x00000000d7180000, 0x0000000100000000)
  eden space 18944K, 100% used [0x00000000d5580000,0x00000000d6800000,0x00000000d6800000)
  from space 4608K, 98% used [0x00000000d6d00000,0x00000000d716acb0,0x00000000d7180000)
  to   space 4608K, 0% used [0x00000000d6800000,0x00000000d6800000,0x00000000d6c80000)
 ParOldGen       total 94208K, used 93809K [0x0000000080000000, 0x0000000085c00000, 0x00000000d5580000)
  object space 94208K, 99% used [0x0000000080000000,0x0000000085b9c5e8,0x0000000085c00000)
 Metaspace       used 53812K, committed 55104K, reserved 1114112K
  class space    used 5719K, committed 6336K, reserved 1048576K
}
Event: 41.159 GC heap after
{Heap after GC invocations=41 (full 2):
 PSYoungGen      total 23552K, used 4580K [0x00000000d5580000, 0x00000000d7b00000, 0x0000000100000000)
  eden space 18944K, 0% used [0x00000000d5580000,0x00000000d5580000,0x00000000d6800000)
  from space 4608K, 99% used [0x00000000d6800000,0x00000000d6c79358,0x00000000d6c80000)
  to   space 9728K, 0% used [0x00000000d7180000,0x00000000d7180000,0x00000000d7b00000)
 ParOldGen       total 98304K, used 98048K [0x0000000080000000, 0x0000000086000000, 0x00000000d5580000)
  object space 98304K, 99% used [0x0000000080000000,0x0000000085fc0348,0x0000000086000000)
 Metaspace       used 53812K, committed 55104K, reserved 1114112K
  class space    used 5719K, committed 6336K, reserved 1048576K
}
Event: 41.285 GC heap before
{Heap before GC invocations=42 (full 2):
 PSYoungGen      total 23552K, used 23524K [0x00000000d5580000, 0x00000000d7b00000, 0x0000000100000000)
  eden space 18944K, 100% used [0x00000000d5580000,0x00000000d6800000,0x00000000d6800000)
  from space 4608K, 99% used [0x00000000d6800000,0x00000000d6c79358,0x00000000d6c80000)
  to   space 9728K, 0% used [0x00000000d7180000,0x00000000d7180000,0x00000000d7b00000)
 ParOldGen       total 98304K, used 98048K [0x0000000080000000, 0x0000000086000000, 0x00000000d5580000)
  object space 98304K, 99% used [0x0000000080000000,0x0000000085fc0348,0x0000000086000000)
 Metaspace       used 53812K, committed 55104K, reserved 1114112K
  class space    used 5719K, committed 6336K, reserved 1048576K
}
Event: 41.290 GC heap after
{Heap after GC invocations=42 (full 2):
 PSYoungGen      total 24064K, used 4740K [0x00000000d5580000, 0x00000000d7680000, 0x0000000100000000)
  eden space 18944K, 0% used [0x00000000d5580000,0x00000000d5580000,0x00000000d6800000)
  from space 5120K, 92% used [0x00000000d7180000,0x00000000d7621340,0x00000000d7680000)
  to   space 6656K, 0% used [0x00000000d6980000,0x00000000d6980000,0x00000000d7000000)
 ParOldGen       total 102400K, used 102324K [0x0000000080000000, 0x0000000086400000, 0x00000000d5580000)
  object space 102400K, 99% used [0x0000000080000000,0x00000000863ed240,0x0000000086400000)
 Metaspace       used 53812K, committed 55104K, reserved 1114112K
  class space    used 5719K, committed 6336K, reserved 1048576K
}
Event: 41.441 GC heap before
{Heap before GC invocations=43 (full 2):
 PSYoungGen      total 24064K, used 23684K [0x00000000d5580000, 0x00000000d7680000, 0x0000000100000000)
  eden space 18944K, 100% used [0x00000000d5580000,0x00000000d6800000,0x00000000d6800000)
  from space 5120K, 92% used [0x00000000d7180000,0x00000000d7621340,0x00000000d7680000)
  to   space 6656K, 0% used [0x00000000d6980000,0x00000000d6980000,0x00000000d7000000)
 ParOldGen       total 102400K, used 102324K [0x0000000080000000, 0x0000000086400000, 0x00000000d5580000)
  object space 102400K, 99% used [0x0000000080000000,0x00000000863ed240,0x0000000086400000)
 Metaspace       used 53812K, committed 55104K, reserved 1114112K
  class space    used 5719K, committed 6336K, reserved 1048576K
}
Event: 41.448 GC heap after
{Heap after GC invocations=43 (full 2):
 PSYoungGen      total 25088K, used 5915K [0x00000000d5580000, 0x00000000d7500000, 0x0000000100000000)
  eden space 18944K, 0% used [0x00000000d5580000,0x00000000d5580000,0x00000000d6800000)
  from space 6144K, 96% used [0x00000000d6980000,0x00000000d6f46d50,0x00000000d6f80000)
  to   space 5632K, 0% used [0x00000000d6f80000,0x00000000d6f80000,0x00000000d7500000)
 ParOldGen       total 107008K, used 106761K [0x0000000080000000, 0x0000000086880000, 0x00000000d5580000)
  object space 107008K, 99% used [0x0000000080000000,0x00000000868426d0,0x0000000086880000)
 Metaspace       used 53812K, committed 55104K, reserved 1114112K
  class space    used 5719K, committed 6336K, reserved 1048576K
}
Event: 41.544 GC heap before
{Heap before GC invocations=44 (full 2):
 PSYoungGen      total 25088K, used 24859K [0x00000000d5580000, 0x00000000d7500000, 0x0000000100000000)
  eden space 18944K, 100% used [0x00000000d5580000,0x00000000d6800000,0x00000000d6800000)
  from space 6144K, 96% used [0x00000000d6980000,0x00000000d6f46d50,0x00000000d6f80000)
  to   space 5632K, 0% used [0x00000000d6f80000,0x00000000d6f80000,0x00000000d7500000)
 ParOldGen       total 107008K, used 106761K [0x0000000080000000, 0x0000000086880000, 0x00000000d5580000)
  object space 107008K, 99% used [0x0000000080000000,0x00000000868426d0,0x0000000086880000)
 Metaspace       used 53812K, committed 55104K, reserved 1114112K
  class space    used 5719K, committed 6336K, reserved 1048576K
}

