# JRE version: OpenJDK Runtime Environment Temurin-21.0.7+6 (21.0.7+6) (build 21.0.7+6-LTS)
# Java VM: OpenJDK 64-Bit Server VM Temurin-21.0.7+6 (21.0.7+6-LTS, mixed mode, sharing, tiered, compressed oops, compressed class ptrs, parallel gc, windows-amd64)
GC Precious Log:
 CardTable entry size: 512
 CPUs: 16 total, 16 available
 Memory: 14197M
 Large Page Support: Disabled
 NUMA Support: Disabled
 Compressed Oops: Enabled (32-bit)
 Alignments: Space 512K, Generation 512K, Heap 2M
 Heap Min Capacity: 100M
 Heap Initial Capacity: 100M
 Heap Max Capacity: 2G
 Pre-touch: Disabled
 Parallel Workers: 13
Heap:
 PSYoungGen      total 8192K, used 3391K [0x00000000d5580000, 0x00000000d5f00000, 0x0000000100000000)
  eden space 7680K, 37% used [0x00000000d5580000,0x00000000d584fde0,0x00000000d5d00000)
  from space 512K, 100% used [0x00000000d5d80000,0x00000000d5e00000,0x00000000d5e00000)
  to   space 1024K, 0% used [0x00000000d5e00000,0x00000000d5e00000,0x00000000d5f00000)
 ParOldGen       total 895488K, used 894454K [0x0000000080000000, 0x00000000b6a80000, 0x00000000d5580000)
  object space 895488K, 99% used [0x0000000080000000,0x00000000b697da18,0x00000000b6a80000)
 Metaspace       used 67715K, committed 69248K, reserved 1114112K
  class space    used 6863K, committed 7616K, reserved 1048576K
GC Heap History (20 events):
Event: 166.879 GC heap before
{Heap before GC invocations=1331 (full 3):
 PSYoungGen      total 8192K, used 8154K [0x00000000d5580000, 0x00000000d5f00000, 0x0000000100000000)
  eden space 7680K, 99% used [0x00000000d5580000,0x00000000d5cf6800,0x00000000d5d00000)
  from space 512K, 100% used [0x00000000d5d00000,0x00000000d5d80000,0x00000000d5d80000)
  to   space 1024K, 0% used [0x00000000d5e00000,0x00000000d5e00000,0x00000000d5f00000)
 ParOldGen       total 854528K, used 854092K [0x0000000080000000, 0x00000000b4280000, 0x00000000d5580000)
  object space 854528K, 99% used [0x0000000080000000,0x00000000b4213268,0x00000000b4280000)
 Metaspace       used 66921K, committed 68480K, reserved 1114112K
  class space    used 6769K, committed 7552K, reserved 1048576K
}
Event: 166.882 GC heap after
{Heap after GC invocations=1331 (full 3):
 PSYoungGen      total 8192K, used 352K [0x00000000d5580000, 0x00000000d5e80000, 0x0000000100000000)
  eden space 7680K, 0% used [0x00000000d5580000,0x00000000d5580000,0x00000000d5d00000)
  from space 512K, 68% used [0x00000000d5e00000,0x00000000d5e58000,0x00000000d5e80000)
  to   space 512K, 0% used [0x00000000d5d00000,0x00000000d5d00000,0x00000000d5d80000)
 ParOldGen       total 860672K, used 859796K [0x0000000080000000, 0x00000000b4880000, 0x00000000d5580000)
  object space 860672K, 99% used [0x0000000080000000,0x00000000b47a5008,0x00000000b4880000)
 Metaspace       used 66921K, committed 68480K, reserved 1114112K
  class space    used 6769K, committed 7552K, reserved 1048576K
}
Event: 166.894 GC heap before
{Heap before GC invocations=1332 (full 3):
 PSYoungGen      total 8192K, used 6698K [0x00000000d5580000, 0x00000000d5e80000, 0x0000000100000000)
  eden space 7680K, 82% used [0x00000000d5580000,0x00000000d5bb2ad8,0x00000000d5d00000)
  from space 512K, 68% used [0x00000000d5e00000,0x00000000d5e58000,0x00000000d5e80000)
  to   space 512K, 0% used [0x00000000d5d00000,0x00000000d5d00000,0x00000000d5d80000)
 ParOldGen       total 860672K, used 859796K [0x0000000080000000, 0x00000000b4880000, 0x00000000d5580000)
  object space 860672K, 99% used [0x0000000080000000,0x00000000b47a5008,0x00000000b4880000)
 Metaspace       used 66924K, committed 68480K, reserved 1114112K
  class space    used 6769K, committed 7552K, reserved 1048576K
}
Event: 166.895 GC heap after
{Heap after GC invocations=1332 (full 3):
 PSYoungGen      total 8192K, used 448K [0x00000000d5580000, 0x00000000d5e80000, 0x0000000100000000)
  eden space 7680K, 0% used [0x00000000d5580000,0x00000000d5580000,0x00000000d5d00000)
  from space 512K, 87% used [0x00000000d5d00000,0x00000000d5d70000,0x00000000d5d80000)
  to   space 512K, 0% used [0x00000000d5e00000,0x00000000d5e00000,0x00000000d5e80000)
 ParOldGen       total 860672K, used 859876K [0x0000000080000000, 0x00000000b4880000, 0x00000000d5580000)
  object space 860672K, 99% used [0x0000000080000000,0x00000000b47b9008,0x00000000b4880000)
 Metaspace       used 66924K, committed 68480K, reserved 1114112K
  class space    used 6769K, committed 7552K, reserved 1048576K
}
Event: 166.905 GC heap before
{Heap before GC invocations=1333 (full 3):
 PSYoungGen      total 8192K, used 7730K [0x00000000d5580000, 0x00000000d5e80000, 0x0000000100000000)
  eden space 7680K, 94% used [0x00000000d5580000,0x00000000d5c9ca48,0x00000000d5d00000)
  from space 512K, 87% used [0x00000000d5d00000,0x00000000d5d70000,0x00000000d5d80000)
  to   space 512K, 0% used [0x00000000d5e00000,0x00000000d5e00000,0x00000000d5e80000)
 ParOldGen       total 860672K, used 859876K [0x0000000080000000, 0x00000000b4880000, 0x00000000d5580000)
  object space 860672K, 99% used [0x0000000080000000,0x00000000b47b9008,0x00000000b4880000)
 Metaspace       used 66925K, committed 68480K, reserved 1114112K
  class space    used 6769K, committed 7552K, reserved 1048576K
}
Event: 166.906 GC heap after
{Heap after GC invocations=1333 (full 3):
 PSYoungGen      total 8192K, used 416K [0x00000000d5580000, 0x00000000d5e80000, 0x0000000100000000)
  eden space 7680K, 0% used [0x00000000d5580000,0x00000000d5580000,0x00000000d5d00000)
  from space 512K, 81% used [0x00000000d5e00000,0x00000000d5e68000,0x00000000d5e80000)
  to   space 512K, 0% used [0x00000000d5d00000,0x00000000d5d00000,0x00000000d5d80000)
 ParOldGen       total 860672K, used 860244K [0x0000000080000000, 0x00000000b4880000, 0x00000000d5580000)
  object space 860672K, 99% used [0x0000000080000000,0x00000000b4815008,0x00000000b4880000)
 Metaspace       used 66925K, committed 68480K, reserved 1114112K
  class space    used 6769K, committed 7552K, reserved 1048576K
}
Event: 166.920 GC heap before
{Heap before GC invocations=1334 (full 3):
 PSYoungGen      total 8192K, used 8096K [0x00000000d5580000, 0x00000000d5e80000, 0x0000000100000000)
  eden space 7680K, 100% used [0x00000000d5580000,0x00000000d5d00000,0x00000000d5d00000)
  from space 512K, 81% used [0x00000000d5e00000,0x00000000d5e68000,0x00000000d5e80000)
  to   space 512K, 0% used [0x00000000d5d00000,0x00000000d5d00000,0x00000000d5d80000)
 ParOldGen       total 860672K, used 860244K [0x0000000080000000, 0x00000000b4880000, 0x00000000d5580000)
  object space 860672K, 99% used [0x0000000080000000,0x00000000b4815008,0x00000000b4880000)
 Metaspace       used 66929K, committed 68480K, reserved 1114112K
  class space    used 6770K, committed 7552K, reserved 1048576K
}
Event: 166.922 GC heap after
{Heap after GC invocations=1334 (full 3):
 PSYoungGen      total 8192K, used 480K [0x00000000d5580000, 0x00000000d5e80000, 0x0000000100000000)
  eden space 7680K, 0% used [0x00000000d5580000,0x00000000d5580000,0x00000000d5d00000)
  from space 512K, 93% used [0x00000000d5d00000,0x00000000d5d78000,0x00000000d5d80000)
  to   space 512K, 0% used [0x00000000d5e00000,0x00000000d5e00000,0x00000000d5e80000)
 ParOldGen       total 860672K, used 860308K [0x0000000080000000, 0x00000000b4880000, 0x00000000d5580000)
  object space 860672K, 99% used [0x0000000080000000,0x00000000b4825008,0x00000000b4880000)
 Metaspace       used 66929K, committed 68480K, reserved 1114112K
  class space    used 6770K, committed 7552K, reserved 1048576K
}
Event: 166.938 GC heap before
{Heap before GC invocations=1335 (full 3):
 PSYoungGen      total 8192K, used 8160K [0x00000000d5580000, 0x00000000d5e80000, 0x0000000100000000)
  eden space 7680K, 100% used [0x00000000d5580000,0x00000000d5d00000,0x00000000d5d00000)
  from space 512K, 93% used [0x00000000d5d00000,0x00000000d5d78000,0x00000000d5d80000)
  to   space 512K, 0% used [0x00000000d5e00000,0x00000000d5e00000,0x00000000d5e80000)
 ParOldGen       total 860672K, used 860308K [0x0000000080000000, 0x00000000b4880000, 0x00000000d5580000)
  object space 860672K, 99% used [0x0000000080000000,0x00000000b4825008,0x00000000b4880000)
 Metaspace       used 66962K, committed 68544K, reserved 1114112K
  class space    used 6777K, committed 7552K, reserved 1048576K
}
Event: 166.940 GC heap after
{Heap after GC invocations=1335 (full 3):
 PSYoungGen      total 8192K, used 512K [0x00000000d5580000, 0x00000000d5f00000, 0x0000000100000000)
  eden space 7680K, 0% used [0x00000000d5580000,0x00000000d5580000,0x00000000d5d00000)
  from space 512K, 100% used [0x00000000d5e00000,0x00000000d5e80000,0x00000000d5e80000)
  to   space 1024K, 0% used [0x00000000d5d00000,0x00000000d5d00000,0x00000000d5e00000)
 ParOldGen       total 860672K, used 860404K [0x0000000080000000, 0x00000000b4880000, 0x00000000d5580000)
  object space 860672K, 99% used [0x0000000080000000,0x00000000b483d008,0x00000000b4880000)
 Metaspace       used 66962K, committed 68544K, reserved 1114112K
  class space    used 6777K, committed 7552K, reserved 1048576K
}
Event: 167.007 GC heap before
{Heap before GC invocations=1336 (full 3):
 PSYoungGen      total 8192K, used 8192K [0x00000000d5580000, 0x00000000d5f00000, 0x0000000100000000)
  eden space 7680K, 100% used [0x00000000d5580000,0x00000000d5d00000,0x00000000d5d00000)
  from space 512K, 100% used [0x00000000d5e00000,0x00000000d5e80000,0x00000000d5e80000)
  to   space 1024K, 0% used [0x00000000d5d00000,0x00000000d5d00000,0x00000000d5e00000)
 ParOldGen       total 860672K, used 860404K [0x0000000080000000, 0x00000000b4880000, 0x00000000d5580000)
  object space 860672K, 99% used [0x0000000080000000,0x00000000b483d008,0x00000000b4880000)
 Metaspace       used 66966K, committed 68608K, reserved 1114112K
  class space    used 6777K, committed 7552K, reserved 1048576K
}
Event: 167.009 GC heap after
{Heap after GC invocations=1336 (full 3):
 PSYoungGen      total 8704K, used 731K [0x00000000d5580000, 0x00000000d5f00000, 0x0000000100000000)
  eden space 7680K, 0% used [0x00000000d5580000,0x00000000d5580000,0x00000000d5d00000)
  from space 1024K, 71% used [0x00000000d5d00000,0x00000000d5db6d00,0x00000000d5e00000)
  to   space 1024K, 0% used [0x00000000d5e00000,0x00000000d5e00000,0x00000000d5f00000)
 ParOldGen       total 861184K, used 860868K [0x0000000080000000, 0x00000000b4900000, 0x00000000d5580000)
  object space 861184K, 99% used [0x0000000080000000,0x00000000b48b1008,0x00000000b4900000)
 Metaspace       used 66966K, committed 68608K, reserved 1114112K
  class space    used 6777K, committed 7552K, reserved 1048576K
}
Event: 167.028 GC heap before
{Heap before GC invocations=1337 (full 3):
 PSYoungGen      total 8704K, used 8407K [0x00000000d5580000, 0x00000000d5f00000, 0x0000000100000000)
  eden space 7680K, 99% used [0x00000000d5580000,0x00000000d5cff230,0x00000000d5d00000)
  from space 1024K, 71% used [0x00000000d5d00000,0x00000000d5db6d00,0x00000000d5e00000)
  to   space 1024K, 0% used [0x00000000d5e00000,0x00000000d5e00000,0x00000000d5f00000)
 ParOldGen       total 861184K, used 860868K [0x0000000080000000, 0x00000000b4900000, 0x00000000d5580000)
  object space 861184K, 99% used [0x0000000080000000,0x00000000b48b1008,0x00000000b4900000)
 Metaspace       used 66967K, committed 68608K, reserved 1114112K
  class space    used 6777K, committed 7552K, reserved 1048576K
}
Event: 167.031 GC heap after
{Heap after GC invocations=1337 (full 3):
 PSYoungGen      total 8704K, used 660K [0x00000000d5580000, 0x00000000d5f00000, 0x0000000100000000)
  eden space 7680K, 0% used [0x00000000d5580000,0x00000000d5580000,0x00000000d5d00000)
  from space 1024K, 64% used [0x00000000d5e00000,0x00000000d5ea50e0,0x00000000d5f00000)
  to   space 1024K, 0% used [0x00000000d5d00000,0x00000000d5d00000,0x00000000d5e00000)
 ParOldGen       total 863232K, used 862974K [0x0000000080000000, 0x00000000b4b00000, 0x00000000d5580000)
  object space 863232K, 99% used [0x0000000080000000,0x00000000b4abf9e8,0x00000000b4b00000)
 Metaspace       used 66967K, committed 68608K, reserved 1114112K
  class space    used 6777K, committed 7552K, reserved 1048576K
}
Event: 167.045 GC heap before
{Heap before GC invocations=1338 (full 3):
 PSYoungGen      total 8704K, used 8340K [0x00000000d5580000, 0x00000000d5f00000, 0x0000000100000000)
  eden space 7680K, 100% used [0x00000000d5580000,0x00000000d5d00000,0x00000000d5d00000)
  from space 1024K, 64% used [0x00000000d5e00000,0x00000000d5ea50e0,0x00000000d5f00000)
  to   space 1024K, 0% used [0x00000000d5d00000,0x00000000d5d00000,0x00000000d5e00000)
 ParOldGen       total 863232K, used 862974K [0x0000000080000000, 0x00000000b4b00000, 0x00000000d5580000)
  object space 863232K, 99% used [0x0000000080000000,0x00000000b4abf9e8,0x00000000b4b00000)
 Metaspace       used 66967K, committed 68608K, reserved 1114112K
  class space    used 6777K, committed 7552K, reserved 1048576K
}
Event: 167.047 GC heap after
{Heap after GC invocations=1338 (full 3):
 PSYoungGen      total 8704K, used 480K [0x00000000d5580000, 0x00000000d5f00000, 0x0000000100000000)
  eden space 7680K, 0% used [0x00000000d5580000,0x00000000d5580000,0x00000000d5d00000)
  from space 1024K, 46% used [0x00000000d5d00000,0x00000000d5d78000,0x00000000d5e00000)
  to   space 1024K, 0% used [0x00000000d5e00000,0x00000000d5e00000,0x00000000d5f00000)
 ParOldGen       total 863232K, used 863102K [0x0000000080000000, 0x00000000b4b00000, 0x00000000d5580000)
  object space 863232K, 99% used [0x0000000080000000,0x00000000b4adf9e8,0x00000000b4b00000)
 Metaspace       used 66967K, committed 68608K, reserved 1114112K
  class space    used 6777K, committed 7552K, reserved 1048576K
}
Event: 303.775 GC heap before
{Heap before GC invocations=1339 (full 3):
 PSYoungGen      total 8704K, used 8160K [0x00000000d5580000, 0x00000000d5f00000, 0x0000000100000000)
  eden space 7680K, 100% used [0x00000000d5580000,0x00000000d5d00000,0x00000000d5d00000)
  from space 1024K, 46% used [0x00000000d5d00000,0x00000000d5d78000,0x00000000d5e00000)
  to   space 1024K, 0% used [0x00000000d5e00000,0x00000000d5e00000,0x00000000d5f00000)
 ParOldGen       total 863232K, used 863102K [0x0000000080000000, 0x00000000b4b00000, 0x00000000d5580000)
  object space 863232K, 99% used [0x0000000080000000,0x00000000b4adf9e8,0x00000000b4b00000)
 Metaspace       used 67046K, committed 68672K, reserved 1114112K
  class space    used 6788K, committed 7552K, reserved 1048576K
}
Event: 303.776 GC heap after
{Heap after GC invocations=1339 (full 3):
 PSYoungGen      total 8192K, used 448K [0x00000000d5580000, 0x00000000d5e80000, 0x0000000100000000)
  eden space 7680K, 0% used [0x00000000d5580000,0x00000000d5580000,0x00000000d5d00000)
  from space 512K, 87% used [0x00000000d5e00000,0x00000000d5e70000,0x00000000d5e80000)
  to   space 512K, 0% used [0x00000000d5d80000,0x00000000d5d80000,0x00000000d5e00000)
 ParOldGen       total 863744K, used 863446K [0x0000000080000000, 0x00000000b4b80000, 0x00000000d5580000)
  object space 863744K, 99% used [0x0000000080000000,0x00000000b4b359e8,0x00000000b4b80000)
 Metaspace       used 67046K, committed 68672K, reserved 1114112K
  class space    used 6788K, committed 7552K, reserved 1048576K
}
Event: 650.197 GC heap before
{Heap before GC invocations=1340 (full 3):
 PSYoungGen      total 8192K, used 8127K [0x00000000d5580000, 0x00000000d5e80000, 0x0000000100000000)
  eden space 7680K, 99% used [0x00000000d5580000,0x00000000d5cfffe0,0x00000000d5d00000)
  from space 512K, 87% used [0x00000000d5e00000,0x00000000d5e70000,0x00000000d5e80000)
  to   space 512K, 0% used [0x00000000d5d80000,0x00000000d5d80000,0x00000000d5e00000)
 ParOldGen       total 863744K, used 863446K [0x0000000080000000, 0x00000000b4b80000, 0x00000000d5580000)
  object space 863744K, 99% used [0x0000000080000000,0x00000000b4b359e8,0x00000000b4b80000)
 Metaspace       used 67673K, committed 69248K, reserved 1114112K
  class space    used 6861K, committed 7616K, reserved 1048576K
}
Event: 650.199 GC heap after
{Heap after GC invocations=1340 (full 3):
 PSYoungGen      total 8192K, used 512K [0x00000000d5580000, 0x00000000d5f00000, 0x0000000100000000)
  eden space 7680K, 0% used [0x00000000d5580000,0x00000000d5580000,0x00000000d5d00000)
  from space 512K, 100% used [0x00000000d5d80000,0x00000000d5e00000,0x00000000d5e00000)
  to   space 1024K, 0% used [0x00000000d5e00000,0x00000000d5e00000,0x00000000d5f00000)
 ParOldGen       total 863744K, used 863734K [0x0000000080000000, 0x00000000b4b80000, 0x00000000d5580000)
  object space 863744K, 99% used [0x0000000080000000,0x00000000b4b7d9e8,0x00000000b4b80000)
 Metaspace       used 67673K, committed 69248K, reserved 1114112K
  class space    used 6861K, committed 7616K, reserved 1048576K
}

